<?xml version="1.0" encoding="UTF-8"?>
<!-- Generated by org.testng.reporters.JUnitReportReporter -->
<testsuite hostname="WINDOWS-SK3U02E" name="com.vin.auto.learn.TestForJenkins" tests="1" failures="0" timestamp="15 Aug 2018 14:14:57 GMT" time="0.016" errors="0">
  <testcase name="firstStep" time="0.016" classname="com.vin.auto.learn.TestForJenkins"/>
</testsuite> <!-- com.vin.auto.learn.TestForJenkins -->
